“Running on: skylake[109-112]”
core file size          (blocks, -c) 0
data seg size           (kbytes, -d) unlimited
scheduling priority             (-e) 0
file size               (blocks, -f) unlimited
pending signals                 (-i) 767198
max locked memory       (kbytes, -l) unlimited
max memory size         (kbytes, -m) 189071360
open files                      (-n) 65536
pipe size            (512 bytes, -p) 8
POSIX message queues     (bytes, -q) 819200
real-time priority              (-r) 0
stack size              (kbytes, -s) unlimited
cpu time               (seconds, -t) unlimited
max user processes              (-u) 4096
virtual memory          (kbytes, -v) unlimited
file locks                      (-x) unlimited
[Python] Hello from machine skylake112.cluster, MPI rank 6 out of 8
[Python] Hello from machine skylake109.cluster, MPI rank 1 out of 8
[Python] Hello from machine skylake110.cluster, MPI rank 2 out of 8
[C++]    Hello from machine skylake110.cluster, MPI rank 2 out of 8
[Python] Hello from machine skylake110.cluster, MPI rank 3 out of 8
[C++]    Hello from machine skylake110.cluster, MPI rank 3 out of 8
[C++]    Hello from machine skylake112.cluster, MPI rank 6 out of 8
[Python] Hello from machine skylake112.cluster, MPI rank 7 out of 8
[C++]    Hello from machine skylake112.cluster, MPI rank 7 out of 8
[Python] Hello from machine skylake109.cluster, MPI rank 0 out of 8
[C++]    Hello from machine skylake109.cluster, MPI rank 0 out of 8
[C++]    Hello from machine skylake109.cluster, MPI rank 1 out of 8
[Python] Hello from machine skylake111.cluster, MPI rank 4 out of 8
[C++]    Hello from machine skylake111.cluster, MPI rank 4 out of 8
[Python] Hello from machine skylake111.cluster, MPI rank 5 out of 8
[C++]    Hello from machine skylake111.cluster, MPI rank 5 out of 8
